Flutter crash report; please file at https://github.com/flutter/flutter/issues.

## command

flutter run

## exception

HttpException: HttpException: Connection closed before full header was received, uri = https://storage.googleapis.com/flutter_infra/flutter/1ed25ca7b7e3e3e8047df050bba4174074c9b336/ios-release/artifacts.zip

```
#0      _attempt (package:flutter_tools/src/base/net.dart:55)
<asynchronous suspension>
#1      fetchUrl (package:flutter_tools/src/base/net.dart:22)
<asynchronous suspension>
#2      _downloadFile (package:flutter_tools/src/cache.dart:551)
<asynchronous suspension>
#3      CachedArtifact._downloadArchive.<anonymous closure> (package:flutter_tools/src/cache.dart:285)
<asynchronous suspension>
#4      CachedArtifact._withDownloadFile (package:flutter_tools/src/cache.dart:311)
<asynchronous suspension>
#5      CachedArtifact._downloadArchive (package:flutter_tools/src/cache.dart:282)
#6      CachedArtifact._downloadZipArchive (package:flutter_tools/src/cache.dart:298)
#7      FlutterEngine.updateInner (package:flutter_tools/src/cache.dart:470)
<asynchronous suspension>
#8      CachedArtifact.update (package:flutter_tools/src/cache.dart:245)
<asynchronous suspension>
#9      Cache.updateAll (package:flutter_tools/src/cache.dart:201)
<asynchronous suspension>
#10     FlutterCommand.verifyThenRunCommand (package:flutter_tools/src/runner/flutter_command.dart:328)
<asynchronous suspension>
#11     FlutterCommand.run.<anonymous closure> (package:flutter_tools/src/runner/flutter_command.dart:279)
<asynchronous suspension>
#12     AppContext.run.<anonymous closure> (package:flutter_tools/src/base/context.dart:142)
<asynchronous suspension>
#13     _rootRun (dart:async/zone.dart:1126)
#14     _CustomZone.run (dart:async/zone.dart:1023)
#15     runZoned (dart:async/zone.dart:1501)
#16     AppContext.run (package:flutter_tools/src/base/context.dart:141)
<asynchronous suspension>
#17     FlutterCommand.run (package:flutter_tools/src/runner/flutter_command.dart:270)
#18     CommandRunner.runCommand (package:args/command_runner.dart:194)
<asynchronous suspension>
#19     FlutterCommandRunner.runCommand.<anonymous closure> (package:flutter_tools/src/runner/flutter_command_runner.dart:309)
<asynchronous suspension>
#20     AppContext.run.<anonymous closure> (package:flutter_tools/src/base/context.dart:142)
<asynchronous suspension>
#21     _rootRun (dart:async/zone.dart:1126)
#22     _CustomZone.run (dart:async/zone.dart:1023)
#23     runZoned (dart:async/zone.dart:1501)
#24     AppContext.run (package:flutter_tools/src/base/context.dart:141)
<asynchronous suspension>
#25     FlutterCommandRunner.runCommand (package:flutter_tools/src/runner/flutter_command_runner.dart:265)
<asynchronous suspension>
#26     CommandRunner.run.<anonymous closure> (package:args/command_runner.dart:109)
#27     new Future.sync (dart:async/future.dart:222)
#28     CommandRunner.run (package:args/command_runner.dart:109)
#29     FlutterCommandRunner.run (package:flutter_tools/src/runner/flutter_command_runner.dart:174)
#30     run.<anonymous closure> (package:flutter_tools/runner.dart:59)
<asynchronous suspension>
#31     AppContext.run.<anonymous closure> (package:flutter_tools/src/base/context.dart:142)
<asynchronous suspension>
#32     _rootRun (dart:async/zone.dart:1126)
#33     _CustomZone.run (dart:async/zone.dart:1023)
#34     runZoned (dart:async/zone.dart:1501)
#35     AppContext.run (package:flutter_tools/src/base/context.dart:141)
<asynchronous suspension>
#36     runInContext (package:flutter_tools/src/context_runner.dart:43)
<asynchronous suspension>
#37     run (package:flutter_tools/runner.dart:50)
#38     main (package:flutter_tools/executable.dart:49)
<asynchronous suspension>
#39     main (file:///usr/local/flutter/packages/flutter_tools/bin/flutter_tools.dart:8)
#40     _startIsolate.<anonymous closure> (dart:isolate-patch/dart:isolate/isolate_patch.dart:277)
#41     _RawReceivePortImpl._handleMessage (dart:isolate-patch/dart:isolate/isolate_patch.dart:165)
```

## flutter doctor

```
[✓] Flutter (Channel beta, v0.5.1, on Mac OS X 10.13.3 17D47, locale zh-Hans-CN)
    • Flutter version 0.5.1 at /usr/local/flutter
    • Framework revision c7ea3ca377 (3 months ago), 2018-05-29 21:07:33 +0200
    • Engine revision 1ed25ca7b7
    • Dart version 2.0.0-dev.58.0.flutter-f981f09760

[!] Android toolchain - develop for Android devices (Android SDK 27.0.3)
    • Android SDK at /Users/mxj/Library/Android/sdk
    • Android NDK location not configured (optional; useful for native profiling support)
    • Platform android-27, build-tools 27.0.3
    • ANDROID_HOME = /Users/mxj/Library/Android/sdk
    • Java binary at: /Applications/Android Studio.app/Contents/jre/jdk/Contents/Home/bin/java
    • Java version OpenJDK Runtime Environment (build 1.8.0_152-release-1136-b02)
    ! Some Android licenses not accepted.  To resolve this, run: flutter doctor --android-licenses

[✓] iOS toolchain - develop for iOS devices (Xcode 9.4.1)
    • Xcode at /Applications/Xcode.app/Contents/Developer
    • Xcode 9.4.1, Build version 9F2000
    • ios-deploy 1.9.2
    • CocoaPods version 1.5.2

[✓] Android Studio
    • Android Studio at /Applications/Android Studio.app/Contents
    ✗ Flutter plugin not installed; this adds Flutter specific functionality.
    ✗ Dart plugin not installed; this adds Dart specific functionality.
    • Java version OpenJDK Runtime Environment (build 1.8.0_152-release-1136-b02)

[!] IntelliJ IDEA Ultimate Edition (version 2018.1.3)
    • IntelliJ at /Applications/IntelliJ IDEA.app
    ✗ Flutter plugin not installed; this adds Flutter specific functionality.
    • Dart plugin version 181.4892.1
    • For information about installing plugins, see
      https://flutter.io/intellij-setup/#installing-the-plugins

[!] VS Code (version 1.26.0)
    • VS Code at /Applications/Visual Studio Code.app/Contents
    • Flutter extension not installed; install from
      https://marketplace.visualstudio.com/items?itemName=Dart-Code.flutter

[✓] Connected devices (1 available)
    • iPhone (4) • ea161d0eaea390198ae9de7a8c076dd50bb07041 • ios • iOS 11.3

! Doctor found issues in 3 categories.
```
